* using log directory ‘/Users/dustin/Desktop/PLINK/Demonstrate.Rcheck’
* using R version 3.0.2 (2013-09-25)
* using platform: x86_64-apple-darwin10.8.0 (64-bit)
* using session charset: UTF-8
* checking for file ‘Demonstrate/DESCRIPTION’ ... OK
* checking extension type ... Package
* this is package ‘Demonstrate’ version ‘1.0’
* checking package namespace information ... OK
* checking package dependencies ... OK
* checking if this is a source package ... OK
* checking if there is a namespace ... OK
* checking for executable files ... OK
* checking for hidden files and directories ... OK
* checking for portable file names ... OK
* checking for sufficient/correct file permissions ... OK
* checking whether package ‘Demonstrate’ can be installed ... OK
* checking installed package size ... OK
* checking package directory ... OK
* checking DESCRIPTION meta-information ... NOTE
Non-standard license specification:
  GPL V2
Standardizable: TRUE
Standardized license specification:
  GPL-2
* checking top-level files ... OK
* checking for left-over files ... OK
* checking index information ... OK
* checking package subdirectories ... OK
* checking R files for non-ASCII characters ... OK
* checking R files for syntax errors ... OK
* checking whether the package can be loaded ... OK
* checking whether the package can be loaded with stated dependencies ... OK
* checking whether the package can be unloaded cleanly ... OK
* checking whether the namespace can be loaded with stated dependencies ... OK
* checking whether the namespace can be unloaded cleanly ... OK
* checking dependencies in R code ... OK
* checking S3 generic/method consistency ... OK
* checking replacement functions ... OK
* checking foreign function calls ... OK
* checking R code for possible problems ... OK
* checking Rd files ... OK
* checking Rd metadata ... WARNING
Rd files with duplicated alias 'Demonstrate':
  ‘Demonstrate-package.Rd’ ‘Demonstrate.Rd’
* checking Rd cross-references ... OK
* checking for missing documentation entries ... OK
* checking for code/documentation mismatches ... OK
* checking Rd \usage sections ... WARNING
Undocumented arguments in documentation object 'Demonstrate'
  ‘dir’ ‘make.AUC.plot’ ‘AUC.plot.title’ ‘make.MAE.plot’
  ‘MAE.plot.title’

Functions with \usage entries need to have the appropriate \alias
entries, and all their arguments documented.
The \usage entries must correspond to syntactically valid R code.
See the chapter ‘Writing R documentation files’ in the ‘Writing R
Extensions’ manual.
* checking Rd contents ... OK
* checking for unstated dependencies in examples ... OK
* checking examples ... NONE
* checking PDF version of manual ... OK
WARNING: There were 2 warnings.
NOTE: There was 1 note.
